<?xml version="1.0" encoding="UTF-8"?>
<!-- Generated by org.testng.reporters.JUnitReportReporter -->
<testsuite skipped="0" hostname="Snehal" name="com.crm.qa.testcases.CRMContactsPageTest" tests="1" failures="0" timestamp="2020-06-23T12:29:00 IST" time="23.705" errors="0">
  <testcase name="selectContactTest" time="23.705" classname="com.crm.qa.testcases.CRMContactsPageTest"/>
  <system-out/>
</testsuite> <!-- com.crm.qa.testcases.CRMContactsPageTest -->
