<?xml version="1.0" encoding="UTF-8"?>
<!-- Generated by org.testng.reporters.JUnitReportReporter -->
<testsuite skipped="0" hostname="Snehal" name="com.crm.qa.testcases.CRMLoginPageTest" tests="1" failures="0" timestamp="2020-06-22T17:37:43 IST" time="14.816" errors="0">
  <testcase name="checkInvalidCredentialTest" time="14.816" classname="com.crm.qa.testcases.CRMLoginPageTest"/>
  <system-out/>
</testsuite> <!-- com.crm.qa.testcases.CRMLoginPageTest -->
