<?xml version="1.0" encoding="UTF-8"?>
<!-- Generated by org.testng.reporters.JUnitReportReporter -->
<testsuite skipped="0" hostname="Snehal" name="com.crm.qa.testcases.CRMDealsPageTest" tests="1" failures="0" timestamp="2020-06-20T13:07:45 IST" time="43.220" errors="0">
  <testcase name="createNewDealTest" time="43.220" classname="com.crm.qa.testcases.CRMDealsPageTest"/>
  <system-out/>
</testsuite> <!-- com.crm.qa.testcases.CRMDealsPageTest -->
