<?xml version="1.0" encoding="UTF-8"?>
<!-- Generated by org.testng.reporters.JUnitReportReporter -->
<testsuite skipped="0" hostname="Snehal" name="com.crm.qa.testcases.CRMHomePageTest" tests="9" failures="0" timestamp="2020-06-14T11:02:39 IST" time="133.901" errors="0">
  <testcase name="verifyTitleNameTest" time="13.340" classname="com.crm.qa.testcases.CRMHomePageTest"/>
  <system-out/>
  <testcase name="verifyUserNameTest" time="13.963" classname="com.crm.qa.testcases.CRMHomePageTest"/>
  <system-out/>
  <testcase name="verifyContactsLinkTest" time="15.425" classname="com.crm.qa.testcases.CRMHomePageTest"/>
  <system-out/>
  <testcase name="verifyCompanyLinkTest" time="15.006" classname="com.crm.qa.testcases.CRMHomePageTest"/>
  <system-out/>
  <testcase name="verifyDealsLinkTest" time="15.912" classname="com.crm.qa.testcases.CRMHomePageTest"/>
  <system-out/>
  <testcase name="verifyCalendarLinkTest" time="15.492" classname="com.crm.qa.testcases.CRMHomePageTest"/>
  <system-out/>
  <testcase name="verifyTasksLinkTest" time="14.812" classname="com.crm.qa.testcases.CRMHomePageTest"/>
  <system-out/>
  <testcase name="verifyCasesLinkTest" time="15.604" classname="com.crm.qa.testcases.CRMHomePageTest"/>
  <system-out/>
  <testcase name="verifyCallLinkTest" time="14.347" classname="com.crm.qa.testcases.CRMHomePageTest"/>
  <system-out/>
</testsuite> <!-- com.crm.qa.testcases.CRMHomePageTest -->
